[0.192s] DEBUG:colcon:Command line arguments: ['/usr/bin/colcon', 'build']
[0.193s] DEBUG:colcon:Parsed command line arguments: Namespace(log_base=None, log_level=None, verb_name='build', build_base='build', install_base='install', merge_install=False, symlink_install=False, test_result_base=None, continue_on_error=False, executor='parallel', parallel_workers=8, event_handlers=None, ignore_user_meta=False, metas=['./colcon.meta'], base_paths=['.'], packages_ignore=None, packages_ignore_regex=None, paths=None, packages_up_to=None, packages_up_to_regex=None, packages_above=None, packages_above_and_dependencies=None, packages_above_depth=None, packages_select_by_dep=None, packages_skip_by_dep=None, packages_skip_up_to=None, packages_select_build_failed=False, packages_skip_build_finished=False, packages_select_test_failures=False, packages_skip_test_passed=False, packages_select=None, packages_skip=None, packages_select_regex=None, packages_skip_regex=None, packages_start=None, packages_end=None, allow_overriding=[], cmake_args=None, cmake_target=None, cmake_target_skip_unavailable=False, cmake_clean_cache=False, cmake_clean_first=False, cmake_force_configure=False, ament_cmake_args=None, catkin_cmake_args=None, catkin_skip_building_tests=False, mixin_files=None, mixin=None, verb_parser=<colcon_mixin.mixin.mixin_argument.MixinArgumentDecorator object at 0xffff80425c00>, verb_extension=<colcon_core.verb.build.BuildVerb object at 0xffff804256c0>, main=<bound method BuildVerb.main of <colcon_core.verb.build.BuildVerb object at 0xffff804256c0>>, mixin_verb=('build',))
[0.490s] Level 1:colcon.colcon_core.package_discovery:discover_packages(colcon_meta) check parameters
[0.491s] Level 1:colcon.colcon_core.package_discovery:discover_packages(recursive) check parameters
[0.491s] Level 1:colcon.colcon_core.package_discovery:discover_packages(ignore) check parameters
[0.491s] Level 1:colcon.colcon_core.package_discovery:discover_packages(path) check parameters
[0.491s] Level 1:colcon.colcon_core.package_discovery:discover_packages(colcon_meta) discover
[0.491s] Level 1:colcon.colcon_core.package_discovery:discover_packages(recursive) discover
[0.491s] INFO:colcon.colcon_core.package_discovery:Crawling recursively for packages in '/home/hayden/ros_ws/src/multi_cam_rig_cpp'
[0.491s] Level 1:colcon.colcon_core.package_identification:_identify(.) by extensions ['ignore', 'ignore_ament_install']
[0.492s] Level 1:colcon.colcon_core.package_identification:_identify(.) by extension 'ignore'
[0.492s] Level 1:colcon.colcon_core.package_identification:_identify(.) by extension 'ignore_ament_install'
[0.492s] Level 1:colcon.colcon_core.package_identification:_identify(.) by extensions ['colcon_pkg']
[0.492s] Level 1:colcon.colcon_core.package_identification:_identify(.) by extension 'colcon_pkg'
[0.492s] Level 1:colcon.colcon_core.package_identification:_identify(.) by extensions ['colcon_meta']
[0.492s] Level 1:colcon.colcon_core.package_identification:_identify(.) by extension 'colcon_meta'
[0.492s] Level 1:colcon.colcon_core.package_identification:_identify(.) by extensions ['ros']
[0.492s] Level 1:colcon.colcon_core.package_identification:_identify(.) by extension 'ros'
[0.516s] DEBUG:colcon.colcon_core.package_identification:Package '.' with type 'ros.ament_cmake' and name 'multi_cam_rig_cpp'
[0.516s] Level 1:colcon.colcon_core.package_discovery:discover_packages(recursive) using defaults
[0.517s] Level 1:colcon.colcon_core.package_discovery:discover_packages(ignore) discover
[0.517s] Level 1:colcon.colcon_core.package_discovery:discover_packages(ignore) using defaults
[0.517s] Level 1:colcon.colcon_core.package_discovery:discover_packages(path) discover
[0.517s] Level 1:colcon.colcon_core.package_discovery:discover_packages(path) using defaults
[0.551s] Level 1:colcon.colcon_core.package_discovery:discover_packages(prefix_path) check parameters
[0.552s] Level 1:colcon.colcon_core.package_discovery:discover_packages(prefix_path) discover
[0.556s] DEBUG:colcon.colcon_installed_package_information.package_discovery:Found 287 installed packages in /opt/ros/humble
[0.578s] Level 1:colcon.colcon_core.package_discovery:discover_packages(prefix_path) using defaults
[0.646s] Level 5:colcon.colcon_core.verb:set package 'multi_cam_rig_cpp' build argument 'cmake_args' from command line to 'None'
[0.646s] Level 5:colcon.colcon_core.verb:set package 'multi_cam_rig_cpp' build argument 'cmake_target' from command line to 'None'
[0.646s] Level 5:colcon.colcon_core.verb:set package 'multi_cam_rig_cpp' build argument 'cmake_target_skip_unavailable' from command line to 'False'
[0.646s] Level 5:colcon.colcon_core.verb:set package 'multi_cam_rig_cpp' build argument 'cmake_clean_cache' from command line to 'False'
[0.646s] Level 5:colcon.colcon_core.verb:set package 'multi_cam_rig_cpp' build argument 'cmake_clean_first' from command line to 'False'
[0.646s] Level 5:colcon.colcon_core.verb:set package 'multi_cam_rig_cpp' build argument 'cmake_force_configure' from command line to 'False'
[0.646s] Level 5:colcon.colcon_core.verb:set package 'multi_cam_rig_cpp' build argument 'ament_cmake_args' from command line to 'None'
[0.646s] Level 5:colcon.colcon_core.verb:set package 'multi_cam_rig_cpp' build argument 'catkin_cmake_args' from command line to 'None'
[0.646s] Level 5:colcon.colcon_core.verb:set package 'multi_cam_rig_cpp' build argument 'catkin_skip_building_tests' from command line to 'False'
[0.646s] DEBUG:colcon.colcon_core.verb:Building package 'multi_cam_rig_cpp' with the following arguments: {'ament_cmake_args': None, 'build_base': '/home/hayden/ros_ws/src/multi_cam_rig_cpp/build/multi_cam_rig_cpp', 'catkin_cmake_args': None, 'catkin_skip_building_tests': False, 'cmake_args': None, 'cmake_clean_cache': False, 'cmake_clean_first': False, 'cmake_force_configure': False, 'cmake_target': None, 'cmake_target_skip_unavailable': False, 'install_base': '/home/hayden/ros_ws/src/multi_cam_rig_cpp/install/multi_cam_rig_cpp', 'merge_install': False, 'path': '/home/hayden/ros_ws/src/multi_cam_rig_cpp', 'symlink_install': False, 'test_result_base': None}
[0.647s] INFO:colcon.colcon_core.executor:Executing jobs using 'parallel' executor
[0.649s] DEBUG:colcon.colcon_parallel_executor.executor.parallel:run_until_complete
[0.649s] INFO:colcon.colcon_ros.task.ament_cmake.build:Building ROS package in '/home/hayden/ros_ws/src/multi_cam_rig_cpp' with build type 'ament_cmake'
[0.649s] INFO:colcon.colcon_cmake.task.cmake.build:Building CMake package in '/home/hayden/ros_ws/src/multi_cam_rig_cpp'
[0.653s] INFO:colcon.colcon_core.plugin_system:Skipping extension 'colcon_core.shell.bat': Not used on non-Windows systems
[0.653s] INFO:colcon.colcon_core.shell:Skip shell extension 'powershell' for command environment: Not usable outside of PowerShell
[0.653s] DEBUG:colcon.colcon_core.shell:Skip shell extension 'dsv' for command environment
[0.667s] DEBUG:colcon.colcon_core.event_handler.log_command:Invoking command in '/home/hayden/ros_ws/src/multi_cam_rig_cpp/build/multi_cam_rig_cpp': CMAKE_PREFIX_PATH=/opt/ros/humble /usr/bin/cmake /home/hayden/ros_ws/src/multi_cam_rig_cpp -DCMAKE_INSTALL_PREFIX=/home/hayden/ros_ws/src/multi_cam_rig_cpp/install/multi_cam_rig_cpp
[3.575s] DEBUG:colcon.colcon_core.event_handler.log_command:Invoked command in '/home/hayden/ros_ws/src/multi_cam_rig_cpp/build/multi_cam_rig_cpp' returned '0': CMAKE_PREFIX_PATH=/opt/ros/humble /usr/bin/cmake /home/hayden/ros_ws/src/multi_cam_rig_cpp -DCMAKE_INSTALL_PREFIX=/home/hayden/ros_ws/src/multi_cam_rig_cpp/install/multi_cam_rig_cpp
[3.579s] DEBUG:colcon.colcon_core.event_handler.log_command:Invoking command in '/home/hayden/ros_ws/src/multi_cam_rig_cpp/build/multi_cam_rig_cpp': CMAKE_PREFIX_PATH=/opt/ros/humble /usr/bin/cmake --build /home/hayden/ros_ws/src/multi_cam_rig_cpp/build/multi_cam_rig_cpp -- -j8 -l8
[38.107s] DEBUG:colcon.colcon_core.event_handler.log_command:Invoked command in '/home/hayden/ros_ws/src/multi_cam_rig_cpp/build/multi_cam_rig_cpp' returned '0': CMAKE_PREFIX_PATH=/opt/ros/humble /usr/bin/cmake --build /home/hayden/ros_ws/src/multi_cam_rig_cpp/build/multi_cam_rig_cpp -- -j8 -l8
[38.127s] DEBUG:colcon.colcon_core.event_handler.log_command:Invoking command in '/home/hayden/ros_ws/src/multi_cam_rig_cpp/build/multi_cam_rig_cpp': CMAKE_PREFIX_PATH=/opt/ros/humble /usr/bin/cmake --install /home/hayden/ros_ws/src/multi_cam_rig_cpp/build/multi_cam_rig_cpp
[38.404s] Level 1:colcon.colcon_core.environment:create_environment_scripts_only(multi_cam_rig_cpp)
[38.405s] DEBUG:colcon.colcon_core.event_handler.log_command:Invoked command in '/home/hayden/ros_ws/src/multi_cam_rig_cpp/build/multi_cam_rig_cpp' returned '0': CMAKE_PREFIX_PATH=/opt/ros/humble /usr/bin/cmake --install /home/hayden/ros_ws/src/multi_cam_rig_cpp/build/multi_cam_rig_cpp
[38.413s] Level 1:colcon.colcon_core.environment:checking '/home/hayden/ros_ws/src/multi_cam_rig_cpp/install/multi_cam_rig_cpp' for CMake module files
[38.415s] Level 1:colcon.colcon_core.environment:checking '/home/hayden/ros_ws/src/multi_cam_rig_cpp/install/multi_cam_rig_cpp' for CMake config files
[38.416s] Level 1:colcon.colcon_core.shell:create_environment_hook('multi_cam_rig_cpp', 'cmake_prefix_path')
[38.417s] INFO:colcon.colcon_core.shell:Creating environment hook '/home/hayden/ros_ws/src/multi_cam_rig_cpp/install/multi_cam_rig_cpp/share/multi_cam_rig_cpp/hook/cmake_prefix_path.ps1'
[38.419s] INFO:colcon.colcon_core.shell:Creating environment descriptor '/home/hayden/ros_ws/src/multi_cam_rig_cpp/install/multi_cam_rig_cpp/share/multi_cam_rig_cpp/hook/cmake_prefix_path.dsv'
[38.421s] INFO:colcon.colcon_core.shell:Creating environment hook '/home/hayden/ros_ws/src/multi_cam_rig_cpp/install/multi_cam_rig_cpp/share/multi_cam_rig_cpp/hook/cmake_prefix_path.sh'
[38.424s] Level 1:colcon.colcon_core.environment:checking '/home/hayden/ros_ws/src/multi_cam_rig_cpp/install/multi_cam_rig_cpp/lib'
[38.425s] Level 1:colcon.colcon_core.environment:checking '/home/hayden/ros_ws/src/multi_cam_rig_cpp/install/multi_cam_rig_cpp/bin'
[38.425s] Level 1:colcon.colcon_core.environment:checking '/home/hayden/ros_ws/src/multi_cam_rig_cpp/install/multi_cam_rig_cpp/lib/pkgconfig/multi_cam_rig_cpp.pc'
[38.426s] Level 1:colcon.colcon_core.environment:checking '/home/hayden/ros_ws/src/multi_cam_rig_cpp/install/multi_cam_rig_cpp/lib/python3.10/site-packages'
[38.427s] Level 1:colcon.colcon_core.environment:checking '/home/hayden/ros_ws/src/multi_cam_rig_cpp/install/multi_cam_rig_cpp/bin'
[38.428s] INFO:colcon.colcon_core.shell:Creating package script '/home/hayden/ros_ws/src/multi_cam_rig_cpp/install/multi_cam_rig_cpp/share/multi_cam_rig_cpp/package.ps1'
[38.430s] INFO:colcon.colcon_core.shell:Creating package descriptor '/home/hayden/ros_ws/src/multi_cam_rig_cpp/install/multi_cam_rig_cpp/share/multi_cam_rig_cpp/package.dsv'
[38.432s] INFO:colcon.colcon_core.shell:Creating package script '/home/hayden/ros_ws/src/multi_cam_rig_cpp/install/multi_cam_rig_cpp/share/multi_cam_rig_cpp/package.sh'
[38.435s] INFO:colcon.colcon_core.shell:Creating package script '/home/hayden/ros_ws/src/multi_cam_rig_cpp/install/multi_cam_rig_cpp/share/multi_cam_rig_cpp/package.bash'
[38.438s] INFO:colcon.colcon_core.shell:Creating package script '/home/hayden/ros_ws/src/multi_cam_rig_cpp/install/multi_cam_rig_cpp/share/multi_cam_rig_cpp/package.zsh'
[38.440s] Level 1:colcon.colcon_core.environment:create_file_with_runtime_dependencies(/home/hayden/ros_ws/src/multi_cam_rig_cpp/install/multi_cam_rig_cpp/share/colcon-core/packages/multi_cam_rig_cpp)
[38.442s] Level 1:colcon.colcon_core.environment:create_environment_scripts_only(multi_cam_rig_cpp)
[38.443s] Level 1:colcon.colcon_core.environment:checking '/home/hayden/ros_ws/src/multi_cam_rig_cpp/install/multi_cam_rig_cpp' for CMake module files
[38.445s] Level 1:colcon.colcon_core.environment:checking '/home/hayden/ros_ws/src/multi_cam_rig_cpp/install/multi_cam_rig_cpp' for CMake config files
[38.446s] Level 1:colcon.colcon_core.shell:create_environment_hook('multi_cam_rig_cpp', 'cmake_prefix_path')
[38.447s] INFO:colcon.colcon_core.shell:Creating environment hook '/home/hayden/ros_ws/src/multi_cam_rig_cpp/install/multi_cam_rig_cpp/share/multi_cam_rig_cpp/hook/cmake_prefix_path.ps1'
[38.449s] INFO:colcon.colcon_core.shell:Creating environment descriptor '/home/hayden/ros_ws/src/multi_cam_rig_cpp/install/multi_cam_rig_cpp/share/multi_cam_rig_cpp/hook/cmake_prefix_path.dsv'
[38.450s] INFO:colcon.colcon_core.shell:Creating environment hook '/home/hayden/ros_ws/src/multi_cam_rig_cpp/install/multi_cam_rig_cpp/share/multi_cam_rig_cpp/hook/cmake_prefix_path.sh'
[38.452s] Level 1:colcon.colcon_core.environment:checking '/home/hayden/ros_ws/src/multi_cam_rig_cpp/install/multi_cam_rig_cpp/lib'
[38.452s] Level 1:colcon.colcon_core.environment:checking '/home/hayden/ros_ws/src/multi_cam_rig_cpp/install/multi_cam_rig_cpp/bin'
[38.453s] Level 1:colcon.colcon_core.environment:checking '/home/hayden/ros_ws/src/multi_cam_rig_cpp/install/multi_cam_rig_cpp/lib/pkgconfig/multi_cam_rig_cpp.pc'
[38.453s] Level 1:colcon.colcon_core.environment:checking '/home/hayden/ros_ws/src/multi_cam_rig_cpp/install/multi_cam_rig_cpp/lib/python3.10/site-packages'
[38.454s] Level 1:colcon.colcon_core.environment:checking '/home/hayden/ros_ws/src/multi_cam_rig_cpp/install/multi_cam_rig_cpp/bin'
[38.455s] INFO:colcon.colcon_core.shell:Creating package script '/home/hayden/ros_ws/src/multi_cam_rig_cpp/install/multi_cam_rig_cpp/share/multi_cam_rig_cpp/package.ps1'
[38.458s] INFO:colcon.colcon_core.shell:Creating package descriptor '/home/hayden/ros_ws/src/multi_cam_rig_cpp/install/multi_cam_rig_cpp/share/multi_cam_rig_cpp/package.dsv'
[38.459s] INFO:colcon.colcon_core.shell:Creating package script '/home/hayden/ros_ws/src/multi_cam_rig_cpp/install/multi_cam_rig_cpp/share/multi_cam_rig_cpp/package.sh'
[38.461s] INFO:colcon.colcon_core.shell:Creating package script '/home/hayden/ros_ws/src/multi_cam_rig_cpp/install/multi_cam_rig_cpp/share/multi_cam_rig_cpp/package.bash'
[38.462s] INFO:colcon.colcon_core.shell:Creating package script '/home/hayden/ros_ws/src/multi_cam_rig_cpp/install/multi_cam_rig_cpp/share/multi_cam_rig_cpp/package.zsh'
[38.464s] Level 1:colcon.colcon_core.environment:create_file_with_runtime_dependencies(/home/hayden/ros_ws/src/multi_cam_rig_cpp/install/multi_cam_rig_cpp/share/colcon-core/packages/multi_cam_rig_cpp)
[38.465s] DEBUG:colcon.colcon_parallel_executor.executor.parallel:closing loop
[38.465s] DEBUG:colcon.colcon_parallel_executor.executor.parallel:loop closed
[38.466s] DEBUG:colcon.colcon_parallel_executor.executor.parallel:run_until_complete finished with '0'
[38.466s] DEBUG:colcon.colcon_core.event_reactor:joining thread
[38.484s] INFO:colcon.colcon_core.plugin_system:Skipping extension 'colcon_notification.desktop_notification.terminal_notifier': Not used on non-Darwin systems
[38.484s] INFO:colcon.colcon_core.plugin_system:Skipping extension 'colcon_notification.desktop_notification.win32': Not used on non-Windows systems
[38.484s] INFO:colcon.colcon_notification.desktop_notification:Sending desktop notification using 'notify2'
[38.841s] DEBUG:colcon.colcon_core.event_reactor:joined thread
[38.842s] INFO:colcon.colcon_core.shell:Creating prefix script '/home/hayden/ros_ws/src/multi_cam_rig_cpp/install/local_setup.ps1'
[38.844s] INFO:colcon.colcon_core.shell:Creating prefix util module '/home/hayden/ros_ws/src/multi_cam_rig_cpp/install/_local_setup_util_ps1.py'
[38.847s] INFO:colcon.colcon_core.shell:Creating prefix chain script '/home/hayden/ros_ws/src/multi_cam_rig_cpp/install/setup.ps1'
[38.851s] INFO:colcon.colcon_core.shell:Creating prefix script '/home/hayden/ros_ws/src/multi_cam_rig_cpp/install/local_setup.sh'
[38.852s] INFO:colcon.colcon_core.shell:Creating prefix util module '/home/hayden/ros_ws/src/multi_cam_rig_cpp/install/_local_setup_util_sh.py'
[38.853s] INFO:colcon.colcon_core.shell:Creating prefix chain script '/home/hayden/ros_ws/src/multi_cam_rig_cpp/install/setup.sh'
[38.855s] INFO:colcon.colcon_core.shell:Creating prefix script '/home/hayden/ros_ws/src/multi_cam_rig_cpp/install/local_setup.bash'
[38.856s] INFO:colcon.colcon_core.shell:Creating prefix chain script '/home/hayden/ros_ws/src/multi_cam_rig_cpp/install/setup.bash'
[38.857s] INFO:colcon.colcon_core.shell:Creating prefix script '/home/hayden/ros_ws/src/multi_cam_rig_cpp/install/local_setup.zsh'
[38.858s] INFO:colcon.colcon_core.shell:Creating prefix chain script '/home/hayden/ros_ws/src/multi_cam_rig_cpp/install/setup.zsh'
