-- The C compiler identification is GNU 11.4.0
-- The CXX compiler identification is GNU 11.4.0
-- Detecting C compiler ABI info
-- Detecting C compiler ABI info - done
-- Check for working C compiler: /usr/bin/cc - skipped
-- Detecting C compile features
-- Detecting C compile features - done
-- Detecting CXX compiler ABI info
-- Detecting CXX compiler ABI info - done
-- Check for working CXX compiler: /usr/bin/c++ - skipped
-- Detecting CXX compile features
-- Detecting CXX compile features - done
-- Found ament_cmake: 1.3.11 (/opt/ros/humble/share/ament_cmake/cmake)
-- Found Python3: /usr/bin/python3 (found version "3.10.12") found components: Interpreter 
-- Found rclcpp: 16.0.11 (/opt/ros/humble/share/rclcpp/cmake)
-- Found rosidl_generator_c: 3.1.6 (/opt/ros/humble/share/rosidl_generator_c/cmake)
-- Found rosidl_adapter: 3.1.6 (/opt/ros/humble/share/rosidl_adapter/cmake)
-- Found rosidl_generator_cpp: 3.1.6 (/opt/ros/humble/share/rosidl_generator_cpp/cmake)
-- Using all available rosidl_typesupport_c: rosidl_typesupport_fastrtps_c;rosidl_typesupport_introspection_c
-- Using all available rosidl_typesupport_cpp: rosidl_typesupport_fastrtps_cpp;rosidl_typesupport_introspection_cpp
-- Found rmw_implementation_cmake: 6.1.2 (/opt/ros/humble/share/rmw_implementation_cmake/cmake)
-- Found rmw_fastrtps_cpp: 6.2.7 (/opt/ros/humble/share/rmw_fastrtps_cpp/cmake)
-- Found OpenSSL: /usr/lib/aarch64-linux-gnu/libcrypto.so (found version "3.0.2")  
-- Found FastRTPS: /opt/ros/humble/include  
-- Using RMW implementation 'rmw_fastrtps_cpp' as default
-- Looking for pthread.h
-- Looking for pthread.h - found
-- Performing Test CMAKE_HAVE_LIBC_PTHREAD
-- Performing Test CMAKE_HAVE_LIBC_PTHREAD - Success
-- Found Threads: TRUE  
-- Found rclcpp_components: 16.0.11 (/opt/ros/humble/share/rclcpp_components/cmake)
-- Found sensor_msgs: 4.2.4 (/opt/ros/humble/share/sensor_msgs/cmake)
-- Found serial_driver: 1.2.0 (/opt/ros/humble/share/serial_driver/cmake)
-- Found asio_cmake_module: 1.2.0 (/opt/ros/humble/share/asio_cmake_module/cmake)
-- Found ASIO: /usr/include  
-- Found cv_bridge: 3.2.1 (/opt/ros/humble/share/cv_bridge/cmake)
-- Found OpenCV: /usr (found version "4.5.4") 
-- Found CUDA: /usr/local/cuda-12.6 (found version "12.6") 
-- Configuring done
-- Generating done
-- Build files have been written to: /home/hayden/ros_ws/src/multi_cam_rig_cpp/build/multi_cam_rig_cpp
[ 25%] [34m[1mAutomatic MOC for target director_gui[0m
[ 25%] [34m[1mAutomatic MOC for target firefly_capture_node[0m
[ 25%] [34m[1mAutomatic MOC for target ximea_capture_node[0m
[ 25%] [34m[1mAutomatic MOC for target zed_capture_node[0m
[ 25%] Built target zed_capture_node_autogen
[ 25%] Built target firefly_capture_node_autogen
[ 25%] Built target ximea_capture_node_autogen
[ 43%] [32mBuilding CXX object CMakeFiles/ximea_capture_node.dir/ximea_capture_node_autogen/mocs_compilation.cpp.o[0m
[ 43%] [32mBuilding CXX object CMakeFiles/zed_capture_node.dir/src/zed_capture_node.cpp.o[0m
[ 43%] [32mBuilding CXX object CMakeFiles/ximea_capture_node.dir/src/ximea_capture_node.cpp.o[0m
[ 50%] [32mBuilding CXX object CMakeFiles/zed_capture_node.dir/zed_capture_node_autogen/mocs_compilation.cpp.o[0m
[ 50%] Built target director_gui_autogen
[ 68%] [32mBuilding CXX object CMakeFiles/firefly_capture_node.dir/src/firefly_capture_node.cpp.o[0m
[ 68%] [32mBuilding CXX object CMakeFiles/director_gui.dir/director_gui_autogen/mocs_compilation.cpp.o[0m
[ 68%] [32mBuilding CXX object CMakeFiles/director_gui.dir/src/director_gui.cpp.o[0m
[ 75%] [32mBuilding CXX object CMakeFiles/firefly_capture_node.dir/firefly_capture_node_autogen/mocs_compilation.cpp.o[0m
[ 81%] [32m[1mLinking CXX executable ximea_capture_node[0m
[ 87%] [32m[1mLinking CXX executable zed_capture_node[0m
[ 87%] Built target ximea_capture_node
[ 87%] Built target zed_capture_node
[ 93%] [32m[1mLinking CXX executable firefly_capture_node[0m
[ 93%] Built target firefly_capture_node
[100%] [32m[1mLinking CXX executable director_gui[0m
[100%] Built target director_gui
-- Install configuration: ""
-- Installing: /home/hayden/ros_ws/src/multi_cam_rig_cpp/install/multi_cam_rig_cpp/lib/multi_cam_rig_cpp/director_gui
-- Set runtime path of "/home/hayden/ros_ws/src/multi_cam_rig_cpp/install/multi_cam_rig_cpp/lib/multi_cam_rig_cpp/director_gui" to ""
-- Installing: /home/hayden/ros_ws/src/multi_cam_rig_cpp/install/multi_cam_rig_cpp/lib/multi_cam_rig_cpp/firefly_capture_node
-- Set runtime path of "/home/hayden/ros_ws/src/multi_cam_rig_cpp/install/multi_cam_rig_cpp/lib/multi_cam_rig_cpp/firefly_capture_node" to ""
-- Installing: /home/hayden/ros_ws/src/multi_cam_rig_cpp/install/multi_cam_rig_cpp/lib/multi_cam_rig_cpp/ximea_capture_node
-- Set runtime path of "/home/hayden/ros_ws/src/multi_cam_rig_cpp/install/multi_cam_rig_cpp/lib/multi_cam_rig_cpp/ximea_capture_node" to ""
-- Installing: /home/hayden/ros_ws/src/multi_cam_rig_cpp/install/multi_cam_rig_cpp/lib/multi_cam_rig_cpp/zed_capture_node
-- Set runtime path of "/home/hayden/ros_ws/src/multi_cam_rig_cpp/install/multi_cam_rig_cpp/lib/multi_cam_rig_cpp/zed_capture_node" to ""
-- Installing: /home/hayden/ros_ws/src/multi_cam_rig_cpp/install/multi_cam_rig_cpp/share/multi_cam_rig_cpp/launch
-- Installing: /home/hayden/ros_ws/src/multi_cam_rig_cpp/install/multi_cam_rig_cpp/share/multi_cam_rig_cpp/launch/camera_calibration.launch.py
-- Installing: /home/hayden/ros_ws/src/multi_cam_rig_cpp/install/multi_cam_rig_cpp/share/multi_cam_rig_cpp/launch/firefly_synchronized.launch.py
-- Installing: /home/hayden/ros_ws/src/multi_cam_rig_cpp/install/multi_cam_rig_cpp/share/multi_cam_rig_cpp/launch/multi_cam_rig.launch.py
-- Installing: /home/hayden/ros_ws/src/multi_cam_rig_cpp/install/multi_cam_rig_cpp/share/multi_cam_rig_cpp/config
-- Installing: /home/hayden/ros_ws/src/multi_cam_rig_cpp/install/multi_cam_rig_cpp/share/multi_cam_rig_cpp/config/firefly.yaml
-- Installing: /home/hayden/ros_ws/src/multi_cam_rig_cpp/install/multi_cam_rig_cpp/share/multi_cam_rig_cpp/config/zed2i.yaml
-- Installing: /home/hayden/ros_ws/src/multi_cam_rig_cpp/install/multi_cam_rig_cpp/share/multi_cam_rig_cpp/calibration
-- Installing: /home/hayden/ros_ws/src/multi_cam_rig_cpp/install/multi_cam_rig_cpp/share/multi_cam_rig_cpp/calibration/zed_left_to_zed_right_calibration.gz
-- Installing: /home/hayden/ros_ws/src/multi_cam_rig_cpp/install/multi_cam_rig_cpp/share/multi_cam_rig_cpp/calibration/firefly_left.yaml
-- Installing: /home/hayden/ros_ws/src/multi_cam_rig_cpp/install/multi_cam_rig_cpp/share/multi_cam_rig_cpp/calibration/firefly_left_to_firefly_right_calibration.gz
-- Installing: /home/hayden/ros_ws/src/multi_cam_rig_cpp/install/multi_cam_rig_cpp/share/multi_cam_rig_cpp/calibration/firefly_right.yaml
-- Installing: /home/hayden/ros_ws/src/multi_cam_rig_cpp/install/multi_cam_rig_cpp/share/ament_index/resource_index/package_run_dependencies/multi_cam_rig_cpp
-- Installing: /home/hayden/ros_ws/src/multi_cam_rig_cpp/install/multi_cam_rig_cpp/share/ament_index/resource_index/parent_prefix_path/multi_cam_rig_cpp
-- Installing: /home/hayden/ros_ws/src/multi_cam_rig_cpp/install/multi_cam_rig_cpp/share/multi_cam_rig_cpp/environment/ament_prefix_path.sh
-- Installing: /home/hayden/ros_ws/src/multi_cam_rig_cpp/install/multi_cam_rig_cpp/share/multi_cam_rig_cpp/environment/ament_prefix_path.dsv
-- Installing: /home/hayden/ros_ws/src/multi_cam_rig_cpp/install/multi_cam_rig_cpp/share/multi_cam_rig_cpp/environment/path.sh
-- Installing: /home/hayden/ros_ws/src/multi_cam_rig_cpp/install/multi_cam_rig_cpp/share/multi_cam_rig_cpp/environment/path.dsv
-- Installing: /home/hayden/ros_ws/src/multi_cam_rig_cpp/install/multi_cam_rig_cpp/share/multi_cam_rig_cpp/local_setup.bash
-- Installing: /home/hayden/ros_ws/src/multi_cam_rig_cpp/install/multi_cam_rig_cpp/share/multi_cam_rig_cpp/local_setup.sh
-- Installing: /home/hayden/ros_ws/src/multi_cam_rig_cpp/install/multi_cam_rig_cpp/share/multi_cam_rig_cpp/local_setup.zsh
-- Installing: /home/hayden/ros_ws/src/multi_cam_rig_cpp/install/multi_cam_rig_cpp/share/multi_cam_rig_cpp/local_setup.dsv
-- Installing: /home/hayden/ros_ws/src/multi_cam_rig_cpp/install/multi_cam_rig_cpp/share/multi_cam_rig_cpp/package.dsv
-- Installing: /home/hayden/ros_ws/src/multi_cam_rig_cpp/install/multi_cam_rig_cpp/share/ament_index/resource_index/packages/multi_cam_rig_cpp
-- Installing: /home/hayden/ros_ws/src/multi_cam_rig_cpp/install/multi_cam_rig_cpp/share/multi_cam_rig_cpp/cmake/multi_cam_rig_cppConfig.cmake
-- Installing: /home/hayden/ros_ws/src/multi_cam_rig_cpp/install/multi_cam_rig_cpp/share/multi_cam_rig_cpp/cmake/multi_cam_rig_cppConfig-version.cmake
-- Installing: /home/hayden/ros_ws/src/multi_cam_rig_cpp/install/multi_cam_rig_cpp/share/multi_cam_rig_cpp/package.xml
