[0.017s] Invoking command in '/home/hayden/ros_ws/src/multi_cam_rig_cpp/build/multi_cam_rig_cpp': CMAKE_PREFIX_PATH=/opt/ros/humble /usr/bin/cmake /home/hayden/ros_ws/src/multi_cam_rig_cpp -DCMAKE_INSTALL_PREFIX=/home/hayden/ros_ws/src/multi_cam_rig_cpp/install/multi_cam_rig_cpp
[0.132s] -- The C compiler identification is GNU 11.4.0
[0.240s] -- The CXX compiler identification is GNU 11.4.0
[0.259s] -- Detecting C compiler ABI info
[0.387s] -- Detecting C compiler ABI info - done
[0.408s] -- Check for working C compiler: /usr/bin/cc - skipped
[0.409s] -- Detecting C compile features
[0.410s] -- Detecting C compile features - done
[0.421s] -- Detecting CXX compiler ABI info
[0.555s] -- Detecting CXX compiler ABI info - done
[0.578s] -- Check for working CXX compiler: /usr/bin/c++ - skipped
[0.579s] -- Detecting CXX compile features
[0.581s] -- Detecting CXX compile features - done
[0.597s] -- Found ament_cmake: 1.3.11 (/opt/ros/humble/share/ament_cmake/cmake)
[0.881s] -- Found Python3: /usr/bin/python3 (found version "3.10.12") found components: Interpreter 
[1.057s] -- Found rclcpp: 16.0.11 (/opt/ros/humble/share/rclcpp/cmake)
[1.137s] -- Found rosidl_generator_c: 3.1.6 (/opt/ros/humble/share/rosidl_generator_c/cmake)
[1.146s] -- Found rosidl_adapter: 3.1.6 (/opt/ros/humble/share/rosidl_adapter/cmake)
[1.161s] -- Found rosidl_generator_cpp: 3.1.6 (/opt/ros/humble/share/rosidl_generator_cpp/cmake)
[1.182s] -- Using all available rosidl_typesupport_c: rosidl_typesupport_fastrtps_c;rosidl_typesupport_introspection_c
[1.211s] -- Using all available rosidl_typesupport_cpp: rosidl_typesupport_fastrtps_cpp;rosidl_typesupport_introspection_cpp
[1.289s] -- Found rmw_implementation_cmake: 6.1.2 (/opt/ros/humble/share/rmw_implementation_cmake/cmake)
[1.294s] -- Found rmw_fastrtps_cpp: 6.2.7 (/opt/ros/humble/share/rmw_fastrtps_cpp/cmake)
[1.457s] -- Found OpenSSL: /usr/lib/aarch64-linux-gnu/libcrypto.so (found version "3.0.2")  
[1.509s] -- Found FastRTPS: /opt/ros/humble/include  
[1.577s] -- Using RMW implementation 'rmw_fastrtps_cpp' as default
[1.591s] -- Looking for pthread.h
[1.718s] -- Looking for pthread.h - found
[1.719s] -- Performing Test CMAKE_HAVE_LIBC_PTHREAD
[1.851s] -- Performing Test CMAKE_HAVE_LIBC_PTHREAD - Success
[1.853s] -- Found Threads: TRUE  
[1.967s] -- Found rclcpp_components: 16.0.11 (/opt/ros/humble/share/rclcpp_components/cmake)
[2.016s] -- Found sensor_msgs: 4.2.4 (/opt/ros/humble/share/sensor_msgs/cmake)
[2.075s] -- Found serial_driver: 1.2.0 (/opt/ros/humble/share/serial_driver/cmake)
[2.109s] -- Found asio_cmake_module: 1.2.0 (/opt/ros/humble/share/asio_cmake_module/cmake)
[2.111s] -- Found ASIO: /usr/include  
[2.157s] -- Found cv_bridge: 3.2.1 (/opt/ros/humble/share/cv_bridge/cmake)
[2.181s] -- Found OpenCV: /usr (found version "4.5.4") 
[2.232s] -- Found CUDA: /usr/local/cuda-12.6 (found version "12.6") 
[2.534s] -- Configuring done
[2.871s] -- Generating done
[2.895s] -- Build files have been written to: /home/hayden/ros_ws/src/multi_cam_rig_cpp/build/multi_cam_rig_cpp
[2.925s] Invoked command in '/home/hayden/ros_ws/src/multi_cam_rig_cpp/build/multi_cam_rig_cpp' returned '0': CMAKE_PREFIX_PATH=/opt/ros/humble /usr/bin/cmake /home/hayden/ros_ws/src/multi_cam_rig_cpp -DCMAKE_INSTALL_PREFIX=/home/hayden/ros_ws/src/multi_cam_rig_cpp/install/multi_cam_rig_cpp
[2.929s] Invoking command in '/home/hayden/ros_ws/src/multi_cam_rig_cpp/build/multi_cam_rig_cpp': CMAKE_PREFIX_PATH=/opt/ros/humble /usr/bin/cmake --build /home/hayden/ros_ws/src/multi_cam_rig_cpp/build/multi_cam_rig_cpp -- -j8 -l8
[3.013s] [ 25%] [34m[1mAutomatic MOC for target director_gui[0m
[3.013s] [ 25%] [34m[1mAutomatic MOC for target firefly_capture_node[0m
[3.013s] [ 25%] [34m[1mAutomatic MOC for target ximea_capture_node[0m
[3.013s] [ 25%] [34m[1mAutomatic MOC for target zed_capture_node[0m
[3.065s] [ 25%] Built target zed_capture_node_autogen
[3.065s] [ 25%] Built target firefly_capture_node_autogen
[3.065s] [ 25%] Built target ximea_capture_node_autogen
[3.099s] [ 43%] [32mBuilding CXX object CMakeFiles/ximea_capture_node.dir/ximea_capture_node_autogen/mocs_compilation.cpp.o[0m
[3.099s] [ 43%] [32mBuilding CXX object CMakeFiles/zed_capture_node.dir/src/zed_capture_node.cpp.o[0m
[3.099s] [ 43%] [32mBuilding CXX object CMakeFiles/ximea_capture_node.dir/src/ximea_capture_node.cpp.o[0m
[3.099s] [ 50%] [32mBuilding CXX object CMakeFiles/zed_capture_node.dir/zed_capture_node_autogen/mocs_compilation.cpp.o[0m
[3.623s] [ 50%] Built target director_gui_autogen
[3.655s] [ 68%] [32mBuilding CXX object CMakeFiles/firefly_capture_node.dir/src/firefly_capture_node.cpp.o[0m
[3.655s] [ 68%] [32mBuilding CXX object CMakeFiles/director_gui.dir/director_gui_autogen/mocs_compilation.cpp.o[0m
[3.656s] [ 68%] [32mBuilding CXX object CMakeFiles/director_gui.dir/src/director_gui.cpp.o[0m
[3.656s] [ 75%] [32mBuilding CXX object CMakeFiles/firefly_capture_node.dir/firefly_capture_node_autogen/mocs_compilation.cpp.o[0m
[23.942s] [ 81%] [32m[1mLinking CXX executable ximea_capture_node[0m
[24.965s] [ 87%] [32m[1mLinking CXX executable zed_capture_node[0m
[25.377s] [ 87%] Built target ximea_capture_node
[26.747s] [ 87%] Built target zed_capture_node
[30.052s] [ 93%] [32m[1mLinking CXX executable firefly_capture_node[0m
[31.366s] [ 93%] Built target firefly_capture_node
[33.659s] [100%] [32m[1mLinking CXX executable director_gui[0m
[37.435s] [100%] Built target director_gui
[37.458s] Invoked command in '/home/hayden/ros_ws/src/multi_cam_rig_cpp/build/multi_cam_rig_cpp' returned '0': CMAKE_PREFIX_PATH=/opt/ros/humble /usr/bin/cmake --build /home/hayden/ros_ws/src/multi_cam_rig_cpp/build/multi_cam_rig_cpp -- -j8 -l8
[37.477s] Invoking command in '/home/hayden/ros_ws/src/multi_cam_rig_cpp/build/multi_cam_rig_cpp': CMAKE_PREFIX_PATH=/opt/ros/humble /usr/bin/cmake --install /home/hayden/ros_ws/src/multi_cam_rig_cpp/build/multi_cam_rig_cpp
[37.493s] -- Install configuration: ""
[37.493s] -- Installing: /home/hayden/ros_ws/src/multi_cam_rig_cpp/install/multi_cam_rig_cpp/lib/multi_cam_rig_cpp/director_gui
[37.507s] -- Set runtime path of "/home/hayden/ros_ws/src/multi_cam_rig_cpp/install/multi_cam_rig_cpp/lib/multi_cam_rig_cpp/director_gui" to ""
[37.508s] -- Installing: /home/hayden/ros_ws/src/multi_cam_rig_cpp/install/multi_cam_rig_cpp/lib/multi_cam_rig_cpp/firefly_capture_node
[37.517s] -- Set runtime path of "/home/hayden/ros_ws/src/multi_cam_rig_cpp/install/multi_cam_rig_cpp/lib/multi_cam_rig_cpp/firefly_capture_node" to ""
[37.518s] -- Installing: /home/hayden/ros_ws/src/multi_cam_rig_cpp/install/multi_cam_rig_cpp/lib/multi_cam_rig_cpp/ximea_capture_node
[37.524s] -- Set runtime path of "/home/hayden/ros_ws/src/multi_cam_rig_cpp/install/multi_cam_rig_cpp/lib/multi_cam_rig_cpp/ximea_capture_node" to ""
[37.525s] -- Installing: /home/hayden/ros_ws/src/multi_cam_rig_cpp/install/multi_cam_rig_cpp/lib/multi_cam_rig_cpp/zed_capture_node
[37.531s] -- Set runtime path of "/home/hayden/ros_ws/src/multi_cam_rig_cpp/install/multi_cam_rig_cpp/lib/multi_cam_rig_cpp/zed_capture_node" to ""
[37.532s] -- Installing: /home/hayden/ros_ws/src/multi_cam_rig_cpp/install/multi_cam_rig_cpp/share/multi_cam_rig_cpp/launch
[37.532s] -- Installing: /home/hayden/ros_ws/src/multi_cam_rig_cpp/install/multi_cam_rig_cpp/share/multi_cam_rig_cpp/launch/camera_calibration.launch.py
[37.533s] -- Installing: /home/hayden/ros_ws/src/multi_cam_rig_cpp/install/multi_cam_rig_cpp/share/multi_cam_rig_cpp/launch/firefly_synchronized.launch.py
[37.533s] -- Installing: /home/hayden/ros_ws/src/multi_cam_rig_cpp/install/multi_cam_rig_cpp/share/multi_cam_rig_cpp/launch/multi_cam_rig.launch.py
[37.533s] -- Installing: /home/hayden/ros_ws/src/multi_cam_rig_cpp/install/multi_cam_rig_cpp/share/multi_cam_rig_cpp/config
[37.533s] -- Installing: /home/hayden/ros_ws/src/multi_cam_rig_cpp/install/multi_cam_rig_cpp/share/multi_cam_rig_cpp/config/firefly.yaml
[37.534s] -- Installing: /home/hayden/ros_ws/src/multi_cam_rig_cpp/install/multi_cam_rig_cpp/share/multi_cam_rig_cpp/config/zed2i.yaml
[37.534s] -- Installing: /home/hayden/ros_ws/src/multi_cam_rig_cpp/install/multi_cam_rig_cpp/share/multi_cam_rig_cpp/calibration
[37.534s] -- Installing: /home/hayden/ros_ws/src/multi_cam_rig_cpp/install/multi_cam_rig_cpp/share/multi_cam_rig_cpp/calibration/zed_left_to_zed_right_calibration.gz
[37.661s] -- Installing: /home/hayden/ros_ws/src/multi_cam_rig_cpp/install/multi_cam_rig_cpp/share/multi_cam_rig_cpp/calibration/firefly_left.yaml
[37.661s] -- Installing: /home/hayden/ros_ws/src/multi_cam_rig_cpp/install/multi_cam_rig_cpp/share/multi_cam_rig_cpp/calibration/firefly_left_to_firefly_right_calibration.gz
[37.748s] -- Installing: /home/hayden/ros_ws/src/multi_cam_rig_cpp/install/multi_cam_rig_cpp/share/multi_cam_rig_cpp/calibration/firefly_right.yaml
[37.748s] -- Installing: /home/hayden/ros_ws/src/multi_cam_rig_cpp/install/multi_cam_rig_cpp/share/ament_index/resource_index/package_run_dependencies/multi_cam_rig_cpp
[37.749s] -- Installing: /home/hayden/ros_ws/src/multi_cam_rig_cpp/install/multi_cam_rig_cpp/share/ament_index/resource_index/parent_prefix_path/multi_cam_rig_cpp
[37.749s] -- Installing: /home/hayden/ros_ws/src/multi_cam_rig_cpp/install/multi_cam_rig_cpp/share/multi_cam_rig_cpp/environment/ament_prefix_path.sh
[37.749s] -- Installing: /home/hayden/ros_ws/src/multi_cam_rig_cpp/install/multi_cam_rig_cpp/share/multi_cam_rig_cpp/environment/ament_prefix_path.dsv
[37.750s] -- Installing: /home/hayden/ros_ws/src/multi_cam_rig_cpp/install/multi_cam_rig_cpp/share/multi_cam_rig_cpp/environment/path.sh
[37.751s] -- Installing: /home/hayden/ros_ws/src/multi_cam_rig_cpp/install/multi_cam_rig_cpp/share/multi_cam_rig_cpp/environment/path.dsv
[37.751s] -- Installing: /home/hayden/ros_ws/src/multi_cam_rig_cpp/install/multi_cam_rig_cpp/share/multi_cam_rig_cpp/local_setup.bash
[37.751s] -- Installing: /home/hayden/ros_ws/src/multi_cam_rig_cpp/install/multi_cam_rig_cpp/share/multi_cam_rig_cpp/local_setup.sh
[37.752s] -- Installing: /home/hayden/ros_ws/src/multi_cam_rig_cpp/install/multi_cam_rig_cpp/share/multi_cam_rig_cpp/local_setup.zsh
[37.752s] -- Installing: /home/hayden/ros_ws/src/multi_cam_rig_cpp/install/multi_cam_rig_cpp/share/multi_cam_rig_cpp/local_setup.dsv
[37.752s] -- Installing: /home/hayden/ros_ws/src/multi_cam_rig_cpp/install/multi_cam_rig_cpp/share/multi_cam_rig_cpp/package.dsv
[37.752s] -- Installing: /home/hayden/ros_ws/src/multi_cam_rig_cpp/install/multi_cam_rig_cpp/share/ament_index/resource_index/packages/multi_cam_rig_cpp
[37.753s] -- Installing: /home/hayden/ros_ws/src/multi_cam_rig_cpp/install/multi_cam_rig_cpp/share/multi_cam_rig_cpp/cmake/multi_cam_rig_cppConfig.cmake
[37.753s] -- Installing: /home/hayden/ros_ws/src/multi_cam_rig_cpp/install/multi_cam_rig_cpp/share/multi_cam_rig_cpp/cmake/multi_cam_rig_cppConfig-version.cmake
[37.753s] -- Installing: /home/hayden/ros_ws/src/multi_cam_rig_cpp/install/multi_cam_rig_cpp/share/multi_cam_rig_cpp/package.xml
[37.755s] Invoked command in '/home/hayden/ros_ws/src/multi_cam_rig_cpp/build/multi_cam_rig_cpp' returned '0': CMAKE_PREFIX_PATH=/opt/ros/humble /usr/bin/cmake --install /home/hayden/ros_ws/src/multi_cam_rig_cpp/build/multi_cam_rig_cpp
