[0.018s] Invoking command in '/home/hayden/ros_ws/src/multi_cam_rig_cpp/build/multi_cam_rig_cpp': CMAKE_PREFIX_PATH=/opt/ros/humble /usr/bin/cmake /home/hayden/ros_ws/src/multi_cam_rig_cpp -DAMENT_CMAKE_SYMLINK_INSTALL=1 -DCMAKE_INSTALL_PREFIX=/home/hayden/ros_ws/src/multi_cam_rig_cpp/install/multi_cam_rig_cpp
[0.164s] -- The C compiler identification is GNU 11.4.0
[0.313s] -- The CXX compiler identification is GNU 11.4.0
[0.338s] -- Detecting C compiler ABI info
[0.477s] -- Detecting C compiler ABI info - done
[0.501s] -- Check for working C compiler: /usr/bin/cc - skipped
[0.502s] -- Detecting C compile features
[0.504s] -- Detecting C compile features - done
[0.515s] -- Detecting CXX compiler ABI info
[0.672s] -- Detecting CXX compiler ABI info - done
[0.698s] -- Check for working CXX compiler: /usr/bin/c++ - skipped
[0.699s] -- Detecting CXX compile features
[0.701s] -- Detecting CXX compile features - done
[0.708s] -- Found ament_cmake: 1.3.11 (/opt/ros/humble/share/ament_cmake/cmake)
[1.014s] -- Found Python3: /usr/bin/python3 (found version "3.10.12") found components: Interpreter 
[1.139s] -- Override CMake install command with custom implementation using symlinks instead of copying resources
[1.216s] -- Found rclcpp: 16.0.11 (/opt/ros/humble/share/rclcpp/cmake)
[1.298s] -- Found rosidl_generator_c: 3.1.6 (/opt/ros/humble/share/rosidl_generator_c/cmake)
[1.306s] -- Found rosidl_adapter: 3.1.6 (/opt/ros/humble/share/rosidl_adapter/cmake)
[1.320s] -- Found rosidl_generator_cpp: 3.1.6 (/opt/ros/humble/share/rosidl_generator_cpp/cmake)
[1.341s] -- Using all available rosidl_typesupport_c: rosidl_typesupport_fastrtps_c;rosidl_typesupport_introspection_c
[1.368s] -- Using all available rosidl_typesupport_cpp: rosidl_typesupport_fastrtps_cpp;rosidl_typesupport_introspection_cpp
[1.443s] -- Found rmw_implementation_cmake: 6.1.2 (/opt/ros/humble/share/rmw_implementation_cmake/cmake)
[1.447s] -- Found rmw_fastrtps_cpp: 6.2.7 (/opt/ros/humble/share/rmw_fastrtps_cpp/cmake)
[1.619s] -- Found OpenSSL: /usr/lib/aarch64-linux-gnu/libcrypto.so (found version "3.0.2")  
[1.677s] -- Found FastRTPS: /opt/ros/humble/include  
[1.751s] -- Using RMW implementation 'rmw_fastrtps_cpp' as default
[1.774s] -- Looking for pthread.h
[1.906s] -- Looking for pthread.h - found
[1.907s] -- Performing Test CMAKE_HAVE_LIBC_PTHREAD
[2.048s] -- Performing Test CMAKE_HAVE_LIBC_PTHREAD - Success
[2.051s] -- Found Threads: TRUE  
[2.174s] -- Found rclcpp_components: 16.0.11 (/opt/ros/humble/share/rclcpp_components/cmake)
[2.231s] -- Found sensor_msgs: 4.2.4 (/opt/ros/humble/share/sensor_msgs/cmake)
[2.288s] -- Found serial_driver: 1.2.0 (/opt/ros/humble/share/serial_driver/cmake)
[2.322s] -- Found asio_cmake_module: 1.2.0 (/opt/ros/humble/share/asio_cmake_module/cmake)
[2.324s] -- Found ASIO: /usr/include  
[2.370s] -- Found cv_bridge: 3.2.1 (/opt/ros/humble/share/cv_bridge/cmake)
[2.395s] -- Found OpenCV: /usr (found version "4.5.4") 
[2.459s] -- Found CUDA: /usr/local/cuda-12.6 (found version "12.6") 
[2.593s] -- Found rclpy: 3.3.15 (/opt/ros/humble/share/rclpy/cmake)
[2.595s] -- Found message_filters: 4.3.5 (/opt/ros/humble/share/message_filters/cmake)
[2.770s] -- Configuring done
[3.096s] -- Generating done
[3.131s] -- Build files have been written to: /home/hayden/ros_ws/src/multi_cam_rig_cpp/build/multi_cam_rig_cpp
[3.158s] Invoked command in '/home/hayden/ros_ws/src/multi_cam_rig_cpp/build/multi_cam_rig_cpp' returned '0': CMAKE_PREFIX_PATH=/opt/ros/humble /usr/bin/cmake /home/hayden/ros_ws/src/multi_cam_rig_cpp -DAMENT_CMAKE_SYMLINK_INSTALL=1 -DCMAKE_INSTALL_PREFIX=/home/hayden/ros_ws/src/multi_cam_rig_cpp/install/multi_cam_rig_cpp
[3.164s] Invoking command in '/home/hayden/ros_ws/src/multi_cam_rig_cpp/build/multi_cam_rig_cpp': CMAKE_PREFIX_PATH=/opt/ros/humble /usr/bin/cmake --build /home/hayden/ros_ws/src/multi_cam_rig_cpp/build/multi_cam_rig_cpp -- -j12 -l12
[3.254s] [ 25%] [34m[1mAutomatic MOC for target zed_capture_node[0m
[3.255s] [ 25%] [34m[1mAutomatic MOC for target ximea_capture_node[0m
[3.255s] [ 25%] [34m[1mAutomatic MOC for target director_gui[0m
[3.255s] [ 25%] [34m[1mAutomatic MOC for target firefly_capture_node[0m
[3.322s] [ 25%] Built target firefly_capture_node_autogen
[3.323s] [ 25%] Built target zed_capture_node_autogen
[3.323s] [ 25%] Built target ximea_capture_node_autogen
[3.359s] [ 56%] [32mBuilding CXX object CMakeFiles/ximea_capture_node.dir/src/ximea_capture_node.cpp.o[0m
[3.360s] [ 56%] [32mBuilding CXX object CMakeFiles/firefly_capture_node.dir/firefly_capture_node_autogen/mocs_compilation.cpp.o[0m
[3.360s] [ 56%] [32mBuilding CXX object CMakeFiles/zed_capture_node.dir/src/zed_capture_node.cpp.o[0m
[3.360s] [ 56%] [32mBuilding CXX object CMakeFiles/zed_capture_node.dir/zed_capture_node_autogen/mocs_compilation.cpp.o[0m
[3.360s] [ 56%] [32mBuilding CXX object CMakeFiles/ximea_capture_node.dir/ximea_capture_node_autogen/mocs_compilation.cpp.o[0m
[3.360s] [ 62%] [32mBuilding CXX object CMakeFiles/firefly_capture_node.dir/src/firefly_capture_node.cpp.o[0m
[4.184s] [ 62%] Built target director_gui_autogen
[4.220s] [ 75%] [32mBuilding CXX object CMakeFiles/director_gui.dir/src/director_gui.cpp.o[0m
[4.220s] [ 75%] [32mBuilding CXX object CMakeFiles/director_gui.dir/director_gui_autogen/mocs_compilation.cpp.o[0m
[25.861s] [ 81%] [32m[1mLinking CXX executable ximea_capture_node[0m
[27.120s] [ 87%] [32m[1mLinking CXX executable zed_capture_node[0m
[27.359s] [ 87%] Built target ximea_capture_node
[28.957s] [ 87%] Built target zed_capture_node
[32.562s] [ 93%] [32m[1mLinking CXX executable firefly_capture_node[0m
[33.996s] [ 93%] Built target firefly_capture_node
[39.843s] [100%] [32m[1mLinking CXX executable director_gui[0m
[43.844s] [100%] Built target director_gui
[43.871s] Invoked command in '/home/hayden/ros_ws/src/multi_cam_rig_cpp/build/multi_cam_rig_cpp' returned '0': CMAKE_PREFIX_PATH=/opt/ros/humble /usr/bin/cmake --build /home/hayden/ros_ws/src/multi_cam_rig_cpp/build/multi_cam_rig_cpp -- -j12 -l12
[43.892s] Invoking command in '/home/hayden/ros_ws/src/multi_cam_rig_cpp/build/multi_cam_rig_cpp': CMAKE_PREFIX_PATH=/opt/ros/humble /usr/bin/cmake --install /home/hayden/ros_ws/src/multi_cam_rig_cpp/build/multi_cam_rig_cpp
[43.904s] -- Install configuration: ""
[43.904s] -- Execute custom install script
[43.905s] -- Symlinking: /home/hayden/ros_ws/src/multi_cam_rig_cpp/install/multi_cam_rig_cpp/lib/multi_cam_rig_cpp/director_gui
[43.920s] -- Symlinking: /home/hayden/ros_ws/src/multi_cam_rig_cpp/install/multi_cam_rig_cpp/lib/multi_cam_rig_cpp/firefly_capture_node
[43.936s] -- Symlinking: /home/hayden/ros_ws/src/multi_cam_rig_cpp/install/multi_cam_rig_cpp/lib/multi_cam_rig_cpp/ximea_capture_node
[43.951s] -- Symlinking: /home/hayden/ros_ws/src/multi_cam_rig_cpp/install/multi_cam_rig_cpp/lib/multi_cam_rig_cpp/zed_capture_node
[43.970s] -- Symlinking: /home/hayden/ros_ws/src/multi_cam_rig_cpp/install/multi_cam_rig_cpp/share/multi_cam_rig_cpp/launch/camera_calibration.launch.py
[43.985s] -- Symlinking: /home/hayden/ros_ws/src/multi_cam_rig_cpp/install/multi_cam_rig_cpp/share/multi_cam_rig_cpp/launch/firefly_synchronized.launch.py
[44.001s] -- Symlinking: /home/hayden/ros_ws/src/multi_cam_rig_cpp/install/multi_cam_rig_cpp/share/multi_cam_rig_cpp/launch/multi_cam_rig.launch.py
[44.017s] -- Symlinking: /home/hayden/ros_ws/src/multi_cam_rig_cpp/install/multi_cam_rig_cpp/share/multi_cam_rig_cpp/config/firefly.yaml
[44.033s] -- Symlinking: /home/hayden/ros_ws/src/multi_cam_rig_cpp/install/multi_cam_rig_cpp/share/multi_cam_rig_cpp/config/zed2i.yaml
[44.049s] -- Symlinking: /home/hayden/ros_ws/src/multi_cam_rig_cpp/install/multi_cam_rig_cpp/share/multi_cam_rig_cpp/calibration/firefly_left.yaml
[44.065s] -- Symlinking: /home/hayden/ros_ws/src/multi_cam_rig_cpp/install/multi_cam_rig_cpp/share/multi_cam_rig_cpp/calibration/firefly_left_to_firefly_right_calibration.gz
[44.081s] -- Symlinking: /home/hayden/ros_ws/src/multi_cam_rig_cpp/install/multi_cam_rig_cpp/share/multi_cam_rig_cpp/calibration/firefly_right.yaml
[44.096s] -- Symlinking: /home/hayden/ros_ws/src/multi_cam_rig_cpp/install/multi_cam_rig_cpp/share/multi_cam_rig_cpp/calibration/zed_left_to_zed_right_calibration.gz
[44.112s] -- Symlinking: /home/hayden/ros_ws/src/multi_cam_rig_cpp/install/multi_cam_rig_cpp/lib/multi_cam_rig_cpp/bag_to_images.py
[44.128s] -- Symlinking: /home/hayden/ros_ws/src/multi_cam_rig_cpp/install/multi_cam_rig_cpp/lib/multi_cam_rig_cpp/calibration_node.py
[44.145s] -- Symlinking: /home/hayden/ros_ws/src/multi_cam_rig_cpp/install/multi_cam_rig_cpp/share/ament_index/resource_index/package_run_dependencies/multi_cam_rig_cpp
[44.161s] -- Symlinking: /home/hayden/ros_ws/src/multi_cam_rig_cpp/install/multi_cam_rig_cpp/share/ament_index/resource_index/parent_prefix_path/multi_cam_rig_cpp
[44.177s] -- Symlinking: /home/hayden/ros_ws/src/multi_cam_rig_cpp/install/multi_cam_rig_cpp/share/multi_cam_rig_cpp/environment/ament_prefix_path.sh
[44.194s] -- Symlinking: /home/hayden/ros_ws/src/multi_cam_rig_cpp/install/multi_cam_rig_cpp/share/multi_cam_rig_cpp/environment/ament_prefix_path.dsv
[44.209s] -- Symlinking: /home/hayden/ros_ws/src/multi_cam_rig_cpp/install/multi_cam_rig_cpp/share/multi_cam_rig_cpp/environment/path.sh
[44.225s] -- Symlinking: /home/hayden/ros_ws/src/multi_cam_rig_cpp/install/multi_cam_rig_cpp/share/multi_cam_rig_cpp/environment/path.dsv
[44.243s] -- Symlinking: /home/hayden/ros_ws/src/multi_cam_rig_cpp/install/multi_cam_rig_cpp/share/multi_cam_rig_cpp/local_setup.bash
[44.260s] -- Symlinking: /home/hayden/ros_ws/src/multi_cam_rig_cpp/install/multi_cam_rig_cpp/share/multi_cam_rig_cpp/local_setup.sh
[44.276s] -- Symlinking: /home/hayden/ros_ws/src/multi_cam_rig_cpp/install/multi_cam_rig_cpp/share/multi_cam_rig_cpp/local_setup.zsh
[44.292s] -- Symlinking: /home/hayden/ros_ws/src/multi_cam_rig_cpp/install/multi_cam_rig_cpp/share/multi_cam_rig_cpp/local_setup.dsv
[44.308s] -- Symlinking: /home/hayden/ros_ws/src/multi_cam_rig_cpp/install/multi_cam_rig_cpp/share/multi_cam_rig_cpp/package.dsv
[44.324s] -- Symlinking: /home/hayden/ros_ws/src/multi_cam_rig_cpp/install/multi_cam_rig_cpp/share/ament_index/resource_index/packages/multi_cam_rig_cpp
[44.340s] -- Symlinking: /home/hayden/ros_ws/src/multi_cam_rig_cpp/install/multi_cam_rig_cpp/share/multi_cam_rig_cpp/cmake/multi_cam_rig_cppConfig.cmake
[44.357s] -- Symlinking: /home/hayden/ros_ws/src/multi_cam_rig_cpp/install/multi_cam_rig_cpp/share/multi_cam_rig_cpp/cmake/multi_cam_rig_cppConfig-version.cmake
[44.373s] -- Symlinking: /home/hayden/ros_ws/src/multi_cam_rig_cpp/install/multi_cam_rig_cpp/share/multi_cam_rig_cpp/package.xml
[44.395s] Invoked command in '/home/hayden/ros_ws/src/multi_cam_rig_cpp/build/multi_cam_rig_cpp' returned '0': CMAKE_PREFIX_PATH=/opt/ros/humble /usr/bin/cmake --install /home/hayden/ros_ws/src/multi_cam_rig_cpp/build/multi_cam_rig_cpp
