[0.016s] Invoking command in '/home/hayden/ros_ws/src/multi_cam_rig_cpp/build/multi_cam_rig_cpp': CMAKE_PREFIX_PATH=/opt/ros/humble /usr/bin/cmake --build /home/hayden/ros_ws/src/multi_cam_rig_cpp/build/multi_cam_rig_cpp -- -j12 -l12
[0.108s] [ 25%] [34m[1mAutomatic MOC for target firefly_capture_node[0m
[0.109s] [ 25%] [34m[1mAutomatic MOC for target ximea_capture_node[0m
[0.109s] [ 25%] [34m[1mAutomatic MOC for target director_gui[0m
[0.109s] [ 25%] [34m[1mAutomatic MOC for target zed_capture_node[0m
[0.144s] [ 25%] Built target ximea_capture_node_autogen
[0.144s] [ 25%] Built target firefly_capture_node_autogen
[0.144s] [ 25%] Built target zed_capture_node_autogen
[0.147s] [ 25%] Built target director_gui_autogen
[0.164s] [35m[1mConsolidate compiler generated dependencies of target ximea_capture_node[0m
[0.164s] [35m[1mConsolidate compiler generated dependencies of target zed_capture_node[0m
[0.164s] [35m[1mConsolidate compiler generated dependencies of target firefly_capture_node[0m
[0.168s] [35m[1mConsolidate compiler generated dependencies of target director_gui[0m
[0.206s] [ 62%] Built target ximea_capture_node
[0.206s] [ 62%] Built target zed_capture_node
[0.220s] [ 81%] Built target firefly_capture_node
[0.222s] [100%] Built target director_gui
[0.245s] Invoked command in '/home/hayden/ros_ws/src/multi_cam_rig_cpp/build/multi_cam_rig_cpp' returned '0': CMAKE_PREFIX_PATH=/opt/ros/humble /usr/bin/cmake --build /home/hayden/ros_ws/src/multi_cam_rig_cpp/build/multi_cam_rig_cpp -- -j12 -l12
[0.265s] Invoking command in '/home/hayden/ros_ws/src/multi_cam_rig_cpp/build/multi_cam_rig_cpp': CMAKE_PREFIX_PATH=/opt/ros/humble /usr/bin/cmake --install /home/hayden/ros_ws/src/multi_cam_rig_cpp/build/multi_cam_rig_cpp
[0.277s] -- Install configuration: ""
[0.278s] -- Execute custom install script
[0.278s] -- Up-to-date symlink: /home/hayden/ros_ws/src/multi_cam_rig_cpp/install/multi_cam_rig_cpp/lib/multi_cam_rig_cpp/director_gui
[0.279s] -- Up-to-date symlink: /home/hayden/ros_ws/src/multi_cam_rig_cpp/install/multi_cam_rig_cpp/lib/multi_cam_rig_cpp/firefly_capture_node
[0.279s] -- Up-to-date symlink: /home/hayden/ros_ws/src/multi_cam_rig_cpp/install/multi_cam_rig_cpp/lib/multi_cam_rig_cpp/ximea_capture_node
[0.279s] -- Up-to-date symlink: /home/hayden/ros_ws/src/multi_cam_rig_cpp/install/multi_cam_rig_cpp/lib/multi_cam_rig_cpp/zed_capture_node
[0.280s] -- Up-to-date symlink: /home/hayden/ros_ws/src/multi_cam_rig_cpp/install/multi_cam_rig_cpp/share/multi_cam_rig_cpp/launch/camera_calibration.launch.py
[0.280s] -- Up-to-date symlink: /home/hayden/ros_ws/src/multi_cam_rig_cpp/install/multi_cam_rig_cpp/share/multi_cam_rig_cpp/launch/firefly_synchronized.launch.py
[0.280s] -- Up-to-date symlink: /home/hayden/ros_ws/src/multi_cam_rig_cpp/install/multi_cam_rig_cpp/share/multi_cam_rig_cpp/launch/multi_cam_rig.launch.py
[0.281s] -- Up-to-date symlink: /home/hayden/ros_ws/src/multi_cam_rig_cpp/install/multi_cam_rig_cpp/share/multi_cam_rig_cpp/config/firefly.yaml
[0.281s] -- Up-to-date symlink: /home/hayden/ros_ws/src/multi_cam_rig_cpp/install/multi_cam_rig_cpp/share/multi_cam_rig_cpp/config/zed2i.yaml
[0.281s] -- Up-to-date symlink: /home/hayden/ros_ws/src/multi_cam_rig_cpp/install/multi_cam_rig_cpp/share/multi_cam_rig_cpp/calibration/firefly_left.yaml
[0.282s] -- Up-to-date symlink: /home/hayden/ros_ws/src/multi_cam_rig_cpp/install/multi_cam_rig_cpp/share/multi_cam_rig_cpp/calibration/firefly_left_to_firefly_right_calibration.gz
[0.282s] -- Up-to-date symlink: /home/hayden/ros_ws/src/multi_cam_rig_cpp/install/multi_cam_rig_cpp/share/multi_cam_rig_cpp/calibration/firefly_right.yaml
[0.282s] -- Up-to-date symlink: /home/hayden/ros_ws/src/multi_cam_rig_cpp/install/multi_cam_rig_cpp/share/multi_cam_rig_cpp/calibration/zed_left_to_zed_right_calibration.gz
[0.282s] -- Up-to-date symlink: /home/hayden/ros_ws/src/multi_cam_rig_cpp/install/multi_cam_rig_cpp/lib/multi_cam_rig_cpp/bag_to_images.py
[0.283s] -- Up-to-date symlink: /home/hayden/ros_ws/src/multi_cam_rig_cpp/install/multi_cam_rig_cpp/lib/multi_cam_rig_cpp/calibration_node.py
[0.283s] -- Up-to-date symlink: /home/hayden/ros_ws/src/multi_cam_rig_cpp/install/multi_cam_rig_cpp/share/ament_index/resource_index/package_run_dependencies/multi_cam_rig_cpp
[0.283s] -- Up-to-date symlink: /home/hayden/ros_ws/src/multi_cam_rig_cpp/install/multi_cam_rig_cpp/share/ament_index/resource_index/parent_prefix_path/multi_cam_rig_cpp
[0.284s] -- Up-to-date symlink: /home/hayden/ros_ws/src/multi_cam_rig_cpp/install/multi_cam_rig_cpp/share/multi_cam_rig_cpp/environment/ament_prefix_path.sh
[0.284s] -- Up-to-date symlink: /home/hayden/ros_ws/src/multi_cam_rig_cpp/install/multi_cam_rig_cpp/share/multi_cam_rig_cpp/environment/ament_prefix_path.dsv
[0.284s] -- Up-to-date symlink: /home/hayden/ros_ws/src/multi_cam_rig_cpp/install/multi_cam_rig_cpp/share/multi_cam_rig_cpp/environment/path.sh
[0.285s] -- Up-to-date symlink: /home/hayden/ros_ws/src/multi_cam_rig_cpp/install/multi_cam_rig_cpp/share/multi_cam_rig_cpp/environment/path.dsv
[0.285s] -- Up-to-date symlink: /home/hayden/ros_ws/src/multi_cam_rig_cpp/install/multi_cam_rig_cpp/share/multi_cam_rig_cpp/local_setup.bash
[0.285s] -- Up-to-date symlink: /home/hayden/ros_ws/src/multi_cam_rig_cpp/install/multi_cam_rig_cpp/share/multi_cam_rig_cpp/local_setup.sh
[0.286s] -- Up-to-date symlink: /home/hayden/ros_ws/src/multi_cam_rig_cpp/install/multi_cam_rig_cpp/share/multi_cam_rig_cpp/local_setup.zsh
[0.286s] -- Up-to-date symlink: /home/hayden/ros_ws/src/multi_cam_rig_cpp/install/multi_cam_rig_cpp/share/multi_cam_rig_cpp/local_setup.dsv
[0.286s] -- Symlinking: /home/hayden/ros_ws/src/multi_cam_rig_cpp/install/multi_cam_rig_cpp/share/multi_cam_rig_cpp/package.dsv
[0.302s] -- Up-to-date symlink: /home/hayden/ros_ws/src/multi_cam_rig_cpp/install/multi_cam_rig_cpp/share/ament_index/resource_index/packages/multi_cam_rig_cpp
[0.302s] -- Up-to-date symlink: /home/hayden/ros_ws/src/multi_cam_rig_cpp/install/multi_cam_rig_cpp/share/multi_cam_rig_cpp/cmake/multi_cam_rig_cppConfig.cmake
[0.303s] -- Up-to-date symlink: /home/hayden/ros_ws/src/multi_cam_rig_cpp/install/multi_cam_rig_cpp/share/multi_cam_rig_cpp/cmake/multi_cam_rig_cppConfig-version.cmake
[0.303s] -- Up-to-date symlink: /home/hayden/ros_ws/src/multi_cam_rig_cpp/install/multi_cam_rig_cpp/share/multi_cam_rig_cpp/package.xml
[0.307s] Invoked command in '/home/hayden/ros_ws/src/multi_cam_rig_cpp/build/multi_cam_rig_cpp' returned '0': CMAKE_PREFIX_PATH=/opt/ros/humble /usr/bin/cmake --install /home/hayden/ros_ws/src/multi_cam_rig_cpp/build/multi_cam_rig_cpp
